2026-01-06T18:40:50 | touched: .env.example
2025-12-31T08:41:47 | touched: .env.example
2026-01-17T23:07:48 | touched: hardhat.config.js
2025-12-31T15:16:44 | touched: scripts/interact.js
2025-08-20T06:53:54 | touched: package.json
2025-03-08T11:25:04 | touched: .env.example
2025-07-09T09:30:22 | touched: test/Etherswallet.test.js
2025-08-28T16:37:26 | touched: scripts/deploy.js
2025-09-27T02:53:22 | touched: scripts/deploy.js
2025-12-02T01:39:16 | touched: package.json
2025-12-15T05:31:57 | touched: test/Etherswallet.test.js
2025-07-16T01:32:06 | touched: hardhat.config.js
2025-12-27T03:43:46 | touched: .env.example
2025-01-12T11:17:15 | touched: contracts/Etherswallet.sol
2025-07-18T00:20:36 | touched: scripts/frontend-integration.js
2025-05-20T19:18:59 | touched: scripts/deploy.js
2025-01-14T22:58:33 | touched: test/Etherswallet.test.js
2025-04-25T21:37:32 | touched: README.md
2025-07-01T09:21:52 | touched: hardhat.config.js
2025-08-18T02:48:29 | touched: scripts/deploy.js
2025-06-26T14:55:06 | touched: package.json
2025-05-26T04:39:35 | touched: scripts/deploy.js
2025-08-20T13:24:38 | touched: scripts/api-server.js
2025-07-12T08:27:04 | touched: hardhat.config.js
2025-04-28T05:37:14 | touched: scripts/deploy.js
2025-06-21T23:49:43 | touched: package.json
2025-10-18T04:12:07 | touched: hardhat.config.js
2025-10-22T18:23:07 | touched: LICENSE
2025-07-15T05:19:19 | touched: LICENSE
